ARM GAS  /tmp/cc3ynRl1.s 			page 1


   1              		.cpu cortex-m4
   2              		.arch armv7e-m
   3              		.fpu fpv4-sp-d16
   4              		.eabi_attribute 27, 1
   5              		.eabi_attribute 28, 1
   6              		.eabi_attribute 20, 1
   7              		.eabi_attribute 21, 1
   8              		.eabi_attribute 23, 3
   9              		.eabi_attribute 24, 1
  10              		.eabi_attribute 25, 1
  11              		.eabi_attribute 26, 1
  12              		.eabi_attribute 30, 1
  13              		.eabi_attribute 34, 1
  14              		.eabi_attribute 18, 4
  15              		.file	"data_parser.c"
  16              		.text
  17              	.Ltext0:
  18              		.cfi_sections	.debug_frame
  19              		.section	.text.CheckSum,"ax",%progbits
  20              		.align	1
  21              		.global	CheckSum
  22              		.syntax unified
  23              		.thumb
  24              		.thumb_func
  26              	CheckSum:
  27              	.LVL0:
  28              	.LFB291:
  29              		.file 1 "Core/Src/data_parser.c"
   1:Core/Src/data_parser.c **** 
   2:Core/Src/data_parser.c **** // Francesco Osti 25/12/2022 //
   3:Core/Src/data_parser.c **** 
   4:Core/Src/data_parser.c **** #include "data_parser.h"
   5:Core/Src/data_parser.c **** #include <stdio.h>
   6:Core/Src/data_parser.c **** #include <string.h>
   7:Core/Src/data_parser.c **** 
   8:Core/Src/data_parser.c **** bool CheckSum(uvec16_t* coord, uint16_t sum_value, uint16_t xor_value){
  30              		.loc 1 8 71 view -0
  31              		.cfi_startproc
  32              		@ args = 0, pretend = 0, frame = 0
  33              		@ frame_needed = 0, uses_anonymous_args = 0
  34              		@ link register save eliminated.
   9:Core/Src/data_parser.c **** 
  10:Core/Src/data_parser.c ****     // check checksum values
  11:Core/Src/data_parser.c ****     uint16_t sum_check = coord->x + coord->y;
  35              		.loc 1 11 5 view .LVU1
  36              		.loc 1 11 31 is_stmt 0 view .LVU2
  37 0000 0388     		ldrh	r3, [r0]
  38              		.loc 1 11 42 view .LVU3
  39 0002 B0F802C0 		ldrh	ip, [r0, #2]
  40              		.loc 1 11 14 view .LVU4
  41 0006 03EB0C00 		add	r0, r3, ip
  42              	.LVL1:
  43              		.loc 1 11 14 view .LVU5
  44 000a 80B2     		uxth	r0, r0
  45              	.LVL2:
  12:Core/Src/data_parser.c ****     uint16_t xor_check = coord->x ^ coord->y;
  46              		.loc 1 12 5 is_stmt 1 view .LVU6
ARM GAS  /tmp/cc3ynRl1.s 			page 2


  47              		.loc 1 12 14 is_stmt 0 view .LVU7
  48 000c 83EA0C03 		eor	r3, r3, ip
  49              	.LVL3:
  13:Core/Src/data_parser.c **** 
  14:Core/Src/data_parser.c ****     return ((sum_value == sum_check) && (xor_value == xor_check));
  50              		.loc 1 14 5 is_stmt 1 view .LVU8
  51              		.loc 1 14 38 is_stmt 0 view .LVU9
  52 0010 8842     		cmp	r0, r1
  53 0012 01D0     		beq	.L5
  54 0014 0020     		movs	r0, #0
  55              	.LVL4:
  56              		.loc 1 14 38 view .LVU10
  57 0016 7047     		bx	lr
  58              	.LVL5:
  59              	.L5:
  60              		.loc 1 14 38 discriminator 1 view .LVU11
  61 0018 9342     		cmp	r3, r2
  62 001a 01D0     		beq	.L4
  63              		.loc 1 14 38 view .LVU12
  64 001c 0020     		movs	r0, #0
  65              	.LVL6:
  66              		.loc 1 14 38 view .LVU13
  67 001e 7047     		bx	lr
  68              	.LVL7:
  69              	.L4:
  70              		.loc 1 14 38 view .LVU14
  71 0020 0120     		movs	r0, #1
  72              	.LVL8:
  15:Core/Src/data_parser.c **** }
  73              		.loc 1 15 1 view .LVU15
  74 0022 7047     		bx	lr
  75              		.cfi_endproc
  76              	.LFE291:
  78              		.section	.text.WriteACK,"ax",%progbits
  79              		.align	1
  80              		.global	WriteACK
  81              		.syntax unified
  82              		.thumb
  83              		.thumb_func
  85              	WriteACK:
  86              	.LVL9:
  87              	.LFB292:
  16:Core/Src/data_parser.c **** 
  17:Core/Src/data_parser.c **** void WriteACK(UART_HandleTypeDef *huart, bool status){
  88              		.loc 1 17 54 is_stmt 1 view -0
  89              		.cfi_startproc
  90              		@ args = 0, pretend = 0, frame = 8
  91              		@ frame_needed = 0, uses_anonymous_args = 0
  92              		.loc 1 17 54 is_stmt 0 view .LVU17
  93 0000 00B5     		push	{lr}
  94              		.cfi_def_cfa_offset 4
  95              		.cfi_offset 14, -4
  96 0002 83B0     		sub	sp, sp, #12
  97              		.cfi_def_cfa_offset 16
  18:Core/Src/data_parser.c ****     char uartData = status ? 'A' : 'N';
  98              		.loc 1 18 5 is_stmt 1 view .LVU18
  99              		.loc 1 18 10 is_stmt 0 view .LVU19
ARM GAS  /tmp/cc3ynRl1.s 			page 3


 100 0004 59B1     		cbz	r1, .L8
 101 0006 4123     		movs	r3, #65
 102              	.L7:
 103              		.loc 1 18 10 discriminator 4 view .LVU20
 104 0008 8DF80730 		strb	r3, [sp, #7]
  19:Core/Src/data_parser.c ****     HAL_UART_Transmit(huart, (uint8_t*) &uartData, 1, 100);
 105              		.loc 1 19 5 is_stmt 1 discriminator 4 view .LVU21
 106 000c 6423     		movs	r3, #100
 107 000e 0122     		movs	r2, #1
 108 0010 0DF10701 		add	r1, sp, #7
 109              	.LVL10:
 110              		.loc 1 19 5 is_stmt 0 discriminator 4 view .LVU22
 111 0014 FFF7FEFF 		bl	HAL_UART_Transmit
 112              	.LVL11:
  20:Core/Src/data_parser.c **** }
 113              		.loc 1 20 1 discriminator 4 view .LVU23
 114 0018 03B0     		add	sp, sp, #12
 115              		.cfi_remember_state
 116              		.cfi_def_cfa_offset 4
 117              		@ sp needed
 118 001a 5DF804FB 		ldr	pc, [sp], #4
 119              	.LVL12:
 120              	.L8:
 121              		.cfi_restore_state
  18:Core/Src/data_parser.c ****     char uartData = status ? 'A' : 'N';
 122              		.loc 1 18 10 view .LVU24
 123 001e 4E23     		movs	r3, #78
 124 0020 F2E7     		b	.L7
 125              		.cfi_endproc
 126              	.LFE292:
 128              		.section	.text.ReadGcode,"ax",%progbits
 129              		.align	1
 130              		.global	ReadGcode
 131              		.syntax unified
 132              		.thumb
 133              		.thumb_func
 135              	ReadGcode:
 136              	.LVL13:
 137              	.LFB293:
  21:Core/Src/data_parser.c **** 
  22:Core/Src/data_parser.c **** bool ReadGcode(UART_HandleTypeDef *huart, HMI_info_t* info){
 138              		.loc 1 22 60 is_stmt 1 view -0
 139              		.cfi_startproc
 140              		@ args = 0, pretend = 0, frame = 16
 141              		@ frame_needed = 0, uses_anonymous_args = 0
 142              		.loc 1 22 60 is_stmt 0 view .LVU26
 143 0000 30B5     		push	{r4, r5, lr}
 144              		.cfi_def_cfa_offset 12
 145              		.cfi_offset 4, -12
 146              		.cfi_offset 5, -8
 147              		.cfi_offset 14, -4
 148 0002 85B0     		sub	sp, sp, #20
 149              		.cfi_def_cfa_offset 32
 150 0004 0446     		mov	r4, r0
 151 0006 0D46     		mov	r5, r1
 152              	.LVL14:
 153              	.L11:
ARM GAS  /tmp/cc3ynRl1.s 			page 4


  23:Core/Src/data_parser.c ****     char uartData[11];
 154              		.loc 1 23 5 is_stmt 1 view .LVU27
  24:Core/Src/data_parser.c ****     while(1){
 155              		.loc 1 24 5 view .LVU28
  25:Core/Src/data_parser.c ****       if(HAL_UART_Receive(huart, (uint8_t*) uartData, 11, 100) == HAL_OK){
 156              		.loc 1 25 7 view .LVU29
 157              		.loc 1 25 10 is_stmt 0 view .LVU30
 158 0008 6423     		movs	r3, #100
 159 000a 0B22     		movs	r2, #11
 160 000c 01A9     		add	r1, sp, #4
 161 000e 2046     		mov	r0, r4
 162 0010 FFF7FEFF 		bl	HAL_UART_Receive
 163              	.LVL15:
 164              		.loc 1 25 9 view .LVU31
 165 0014 0028     		cmp	r0, #0
 166 0016 F7D1     		bne	.L11
  26:Core/Src/data_parser.c ****         if(uartData[10] == 0){
 167              		.loc 1 26 9 is_stmt 1 view .LVU32
 168              		.loc 1 26 20 is_stmt 0 view .LVU33
 169 0018 9DF80E30 		ldrb	r3, [sp, #14]	@ zero_extendqisi2
 170              		.loc 1 26 11 view .LVU34
 171 001c 002B     		cmp	r3, #0
 172 001e F3D1     		bne	.L11
  27:Core/Src/data_parser.c ****           break;
  28:Core/Src/data_parser.c ****         }
  29:Core/Src/data_parser.c ****       }
  30:Core/Src/data_parser.c ****     }
  31:Core/Src/data_parser.c **** 
  32:Core/Src/data_parser.c ****     uint16_t *g_cmd, *sum_value, *xor_value;
 173              		.loc 1 32 5 is_stmt 1 view .LVU35
  33:Core/Src/data_parser.c ****     info->commanded.pos.x  = *(uint16_t*) uartData;
 174              		.loc 1 33 5 view .LVU36
 175              		.loc 1 33 30 is_stmt 0 view .LVU37
 176 0020 BDF80430 		ldrh	r3, [sp, #4]
 177              		.loc 1 33 28 view .LVU38
 178 0024 6B82     		strh	r3, [r5, #18]	@ movhi
  34:Core/Src/data_parser.c ****     info->commanded.pos.y  = *((uint16_t*) uartData + 1);
 179              		.loc 1 34 5 is_stmt 1 view .LVU39
 180              		.loc 1 34 28 is_stmt 0 view .LVU40
 181 0026 BDF80630 		ldrh	r3, [sp, #6]
 182 002a AB82     		strh	r3, [r5, #20]	@ movhi
  35:Core/Src/data_parser.c ****     g_cmd     = (uint16_t*) (uartData + 4);
 183              		.loc 1 35 5 is_stmt 1 view .LVU41
 184              	.LVL16:
  36:Core/Src/data_parser.c ****     sum_value = (uint16_t*) (uartData + 6);
 185              		.loc 1 36 5 view .LVU42
  37:Core/Src/data_parser.c ****     xor_value = (uint16_t*) (uartData + 8);
 186              		.loc 1 37 5 view .LVU43
  38:Core/Src/data_parser.c **** 
  39:Core/Src/data_parser.c ****     return CheckSum(&(info->commanded.pos), *sum_value, *xor_value);
 187              		.loc 1 39 5 view .LVU44
 188              		.loc 1 39 12 is_stmt 0 view .LVU45
 189 002c BDF80C20 		ldrh	r2, [sp, #12]
 190 0030 BDF80A10 		ldrh	r1, [sp, #10]
 191 0034 05F11200 		add	r0, r5, #18
 192 0038 FFF7FEFF 		bl	CheckSum
 193              	.LVL17:
ARM GAS  /tmp/cc3ynRl1.s 			page 5


  40:Core/Src/data_parser.c **** }...
 194              		.loc 1 40 1 view .LVU46
 195 003c 05B0     		add	sp, sp, #20
 196              		.cfi_def_cfa_offset 12
 197              		@ sp needed
 198 003e 30BD     		pop	{r4, r5, pc}
 199              		.loc 1 40 1 view .LVU47
 200              		.cfi_endproc
 201              	.LFE293:
 203              		.text
 204              	.Letext0:
 205              		.file 2 "/home/retfie/.config/VSCodium/User/globalStorage/bmd.stm32-for-vscode/@xpack-dev-tools/ar
 206              		.file 3 "/home/retfie/.config/VSCodium/User/globalStorage/bmd.stm32-for-vscode/@xpack-dev-tools/ar
 207              		.file 4 "Drivers/CMSIS/Device/ST/STM32L4xx/Include/stm32l431xx.h"
 208              		.file 5 "Drivers/STM32L4xx_HAL_Driver/Inc/stm32l4xx_hal_def.h"
 209              		.file 6 "Drivers/STM32L4xx_HAL_Driver/Inc/stm32l4xx_hal_dma.h"
 210              		.file 7 "Drivers/STM32L4xx_HAL_Driver/Inc/stm32l4xx_hal_uart.h"
 211              		.file 8 "Core/Inc/cnc_info.h"
ARM GAS  /tmp/cc3ynRl1.s 			page 6


DEFINED SYMBOLS
                            *ABS*:0000000000000000 data_parser.c
     /tmp/cc3ynRl1.s:20     .text.CheckSum:0000000000000000 $t
     /tmp/cc3ynRl1.s:26     .text.CheckSum:0000000000000000 CheckSum
     /tmp/cc3ynRl1.s:79     .text.WriteACK:0000000000000000 $t
     /tmp/cc3ynRl1.s:85     .text.WriteACK:0000000000000000 WriteACK
     /tmp/cc3ynRl1.s:129    .text.ReadGcode:0000000000000000 $t
     /tmp/cc3ynRl1.s:135    .text.ReadGcode:0000000000000000 ReadGcode

UNDEFINED SYMBOLS
HAL_UART_Transmit
HAL_UART_Receive
